\BOOKMARK [0][-]{chapter.1}{\376\377\000H\000o\000w\000\040\000t\000o\000\040\000i\000n\000s\000t\000a\000l\000l\000\040\000t\000h\000i\000s\000\040\000l\000i\000b\000r\000a\000r\000y}{}% 1
\BOOKMARK [1][-]{section.1.1}{\376\377\000R\000u\000n\000n\000i\000n\000g\000\040\000t\000h\000e\000\040\000s\000c\000r\000i\000p\000t}{chapter.1}% 2
\BOOKMARK [1][-]{section.1.2}{\376\377\000A\000\040\000p\000r\000o\000b\000l\000e\000m\000\040\000w\000i\000t\000h\000\040\000t\000h\000e\000\040\000l\000i\000b\000r\000a\000r\000y\000\040\000?}{chapter.1}% 3
\BOOKMARK [1][-]{section.1.3}{\376\377\000H\000o\000w\000\040\000t\000o\000\040\000u\000s\000e\000\040\000t\000h\000i\000s\000\040\000l\000i\000b\000r\000a\000r\000y}{chapter.1}% 4
\BOOKMARK [1][-]{section.1.4}{\376\377\000A\000n\000\040\000a\000d\000v\000i\000c\000e\000\040\000i\000f\000\040\000y\000o\000u\000\040\000d\000o\000n\000'\000t\000\040\000c\000o\000d\000e\000\040\000i\000n\000\040\000a\000\040\000s\000h\000e\000l\000l}{chapter.1}% 5
\BOOKMARK [0][-]{chapter.2}{\376\377\000H\000o\000w\000\040\000t\000o\000\040\000a\000d\000d\000\040\000y\000o\000u\000r\000\040\000o\000w\000n\000\040\000e\000d\000i\000t\000C\000o\000s\000t\000\040\000c\000l\000a\000s\000s}{}% 6
\BOOKMARK [1][-]{section.2.1}{\376\377\000C\000+\000+\000\040\000s\000i\000d\000e}{chapter.2}% 7
\BOOKMARK [1][-]{section.2.2}{\376\377\000P\000y\000t\000h\000o\000n\000\040\000s\000i\000d\000e}{chapter.2}% 8
\BOOKMARK [0][-]{chapter.3}{\376\377\000E\000x\000a\000m\000p\000l\000e\000s}{}% 9
\BOOKMARK [1][-]{section.3.1}{\376\377\000C\000l\000a\000s\000s\000i\000q\000u\000e\000\040\000c\000a\000s\000e\000\040\000w\000i\000t\000h\000\040\000G\000X\000L\000\040\000g\000r\000a\000p\000h\000s}{chapter.3}% 10
\BOOKMARK [1][-]{section.3.2}{\376\377\000C\000l\000a\000s\000s\000i\000q\000u\000e\000\040\000c\000a\000s\000e\000\040\000w\000i\000t\000h\000\040\000N\000X\000\040\000g\000r\000a\000p\000h\000s}{chapter.3}% 11
\BOOKMARK [1][-]{section.3.3}{\376\377\000A\000d\000d\000\040\000a\000\040\000g\000r\000a\000p\000h\000\040\000f\000r\000o\000m\000\040\000s\000c\000r\000a\000t\000c\000h}{chapter.3}% 12
\BOOKMARK [1][-]{section.3.4}{\376\377\000M\000e\000d\000i\000a\000n\000\040\000c\000o\000m\000p\000u\000t\000a\000t\000i\000o\000n}{chapter.3}% 13
\BOOKMARK [1][-]{section.3.5}{\376\377\000H\000u\000n\000g\000a\000r\000i\000a\000n\000\040\000a\000l\000g\000o\000r\000i\000t\000h\000m}{chapter.3}% 14
\BOOKMARK [0][-]{chapter.4}{\376\377\000P\000y\000t\000h\000o\000n\000\040\000G\000e\000d\000L\000i\000b\000\040\000m\000o\000d\000u\000l\000e}{}% 15
\BOOKMARK [1][-]{section.4.1}{\376\377\000A\000u\000t\000h\000o\000r\000s}{chapter.4}% 16
\BOOKMARK [1][-]{section.4.2}{\376\377\000C\000l\000a\000s\000s\000e\000s\000\040\000\046\000\040\000F\000u\000n\000c\000t\000i\000o\000n\000s}{chapter.4}% 17
\BOOKMARK [0][-]{chapter.5}{\376\377\000A\000u\000t\000h\000o\000r\000s}{}% 18
\BOOKMARK [0][-]{chapter.6}{\376\377\000I\000n\000d\000i\000c\000e\000s\000\040\000a\000n\000d\000\040\000t\000a\000b\000l\000e\000s}{}% 19
\BOOKMARK [0][-]{section*.57}{\376\377\000P\000y\000t\000h\000o\000n\000\040\000M\000o\000d\000u\000l\000e\000\040\000I\000n\000d\000e\000x}{}% 20
\BOOKMARK [0][-]{section*.58}{\376\377\000I\000n\000d\000e\000x}{}% 21
