
MADS run #0 {

MADS run {

	BBE	(	SOL	)	OBJ

	  2	(	0.0000000000 1.0000000000 1.0000000000 -1.0000000000 1.0000000000 )	144.0000000000 (PhaseOne)
	  4	(	0.0000000000 3.0000000000 2.0000000000 -2.0000000000 1.0000000000 )	0.0000000000 (PhaseOne)
	  4	(	0.0000000000 3.0000000000 2.0000000000 -2.0000000000 1.0000000000 )	1.0000000000
	 12	(	0.5000000000 3.0300000000 2.0600000000 -2.0100000000 0.9400000000 )	0.9400000000
	 13	(	2.0000000000 3.1200000000 2.2400000000 -2.0400000000 0.7600000000 )	0.7600000000
	 16	(	2.0000000000 3.1200000000 0.2400000000 -1.0400000000 -1.2400000000 )	-1.2400000000
	 23	(	2.0000000000 3.1200000000 0.2400000000 -1.0400000000 -1.2400000000 )	-1.2400000000

} end of run (terminated by the user inside Evaluator::update_iteration())

blackbox evaluations                     : 23
best feasible solution                   : ( 2 3.12 0.24 -1.04 -1.24 ) h=0 f=-1.24
} 

MADS run #1 {

MADS run {

	BBE	(	SOL	)	OBJ

	  4	(	1.0000000000 3.1200000000 1.2400000000 -1.0400000000 -2.2400000000 )	-2.2400000000
	 11	(	1.0000000000 3.1200000000 1.2400000000 -1.0400000000 -2.2400000000 )	-2.2400000000

} end of run (terminated by the user inside Evaluator::update_iteration())

blackbox evaluations                     : 11
best feasible solution                   : ( 1 3.12 1.24 -1.04 -2.24 ) h=0 f=-2.24
} 

MADS run #2 {

MADS run {

	BBE	(	SOL	)	OBJ

	 11	(	1.3100000000 2.6200000000 0.2400000000 -0.8000000000 -3.2400000000 )	-3.2400000000
	 18	(	1.3100000000 2.6200000000 0.2400000000 -0.8000000000 -3.2400000000 )	-3.2400000000

} end of run (terminated by the user inside Evaluator::update_iteration())

blackbox evaluations                     : 18
best feasible solution                   : ( 1.31 2.62 0.24 -0.8 -3.24 ) h=0 f=-3.24
} 

MADS run #3 {

MADS run {

	BBE	(	SOL	)	OBJ

	  7	(	1.8100000000 2.3200000000 0.3500000000 -0.6900000000 -3.3200000000 )	-3.3200000000
	 15	(	1.8100000000 2.3200000000 0.3500000000 -0.6900000000 -3.3200000000 )	-3.3200000000

} end of run (terminated by the user inside Evaluator::update_iteration())

blackbox evaluations                     : 15
best feasible solution                   : ( 1.81 2.32 0.35 -0.69 -3.32 ) h=0 f=-3.32
} 

MADS run #4 {

MADS run {

	BBE	(	SOL	)	OBJ

	  7	(	1.3100000000 2.4200000000 0.8500000000 -0.1900000000 -3.6100000000 )	-3.6100000000
	 15	(	1.3100000000 2.4200000000 0.8500000000 -0.1900000000 -3.6100000000 )	-3.6100000000

} end of run (terminated by the user inside Evaluator::update_iteration())

blackbox evaluations                     : 15
best feasible solution                   : ( 1.31 2.42 0.85 -0.19 -3.61 ) h=0 f=-3.61
} 

MADS run #5 {

MADS run {

	BBE	(	SOL	)	OBJ

	 12	(	1.3100000000 2.4200000000 0.8500000000 -0.1900000000 -3.6100000000 )	-3.6100000000

} end of run (terminated by the user inside Evaluator::update_iteration())

blackbox evaluations                     : 12
best feasible solution                   : ( 1.31 2.42 0.85 -0.19 -3.61 ) h=0 f=-3.61
} 
