
NOMAD - version 3.8.1 has been created by {
	Charles Audet        - Ecole Polytechnique de Montreal
	Sebastien Le Digabel - Ecole Polytechnique de Montreal
	Christophe Tribes    - Ecole Polytechnique de Montreal
} 

The copyright of NOMAD - version 3.8.1 is owned by {
	Sebastien Le Digabel - Ecole Polytechnique de Montreal
	Christophe Tribes    - Ecole Polytechnique de Montreal
} 

NOMAD v3 has been funded by AFOSR and Exxon Mobil.
NOMAD v3 is a new version of NOMAD v1 and v2. NOMAD v1 and v2 were created
and developed by Mark Abramson, Charles Audet, Gilles Couture, and John E.
Dennis Jr., and were funded by AFOSR and Exxon Mobil.

License   : '$NOMAD_HOME/src/lgpl.txt'
User guide: '$NOMAD_HOME/doc/user_guide.pdf'
Examples  : '$NOMAD_HOME/examples'
Tools     : '$NOMAD_HOME/tools'

Please report bugs to nomad@gerad.ca

Seed: 0

multi-MADS run {

	MADS run  1 ...... OK [bb eval= 64] [overall bb eval=   64] [# dominant pts=   3] [# new pts=   3] [f1=0 f2=6.231313115]
	MADS run  2 ...... OK [bb eval= 32] [overall bb eval=   96] [# dominant pts=  17] [# new pts=  14] [f1=0.8172467689 f2=-0.479330283]
	MADS run  3 ...... OK [bb eval= 32] [overall bb eval=  128] [# dominant pts=  21] [# new pts=   4] [f1=0.3102467689 f2=0.5939975123]
	MADS run  4 ...... OK [bb eval= 32] [overall bb eval=  160] [# dominant pts=  31] [# new pts=  10] [f1=0.7552467689 f2=0.3302995589]
	MADS run  5 ...... OK [bb eval= 32] [overall bb eval=  192] [# dominant pts=  36] [# new pts=   5] [f1=0.3204267689 f2=0.5832376512]
	MADS run  6 ...... OK [bb eval= 32] [overall bb eval=  224] [# dominant pts=  43] [# new pts=   7] [f1=0.3205292689 f2=0.5832359376]
	MADS run  7 ...... OK [bb eval= 32] [overall bb eval=  256] [# dominant pts=  49] [# new pts=   6] [f1=0.3205292689 f2=0.5832359376]
	MADS run  8 ...... OK [bb eval= 32] [overall bb eval=  288] [# dominant pts=  57] [# new pts=   8] [f1=0.07542676891 f2=0.9228298043]
	MADS run  9 ...... OK [bb eval= 32] [overall bb eval=  320] [# dominant pts=  70] [# new pts=  13] [f1=0.7465567689 f2=0.5071777921]
	MADS run 10 ...... OK [bb eval= 32] [overall bb eval=  352] [# dominant pts=  79] [# new pts=   9] [f1=0.7438996689 f2=0.5626312951]
	MADS run 11 ...... OK [bb eval= 32] [overall bb eval=  384] [# dominant pts=  86] [# new pts=   7] [f1=0.7428996689 f2=0.579968616]
	MADS run 12 ...... OK [bb eval= 32] [overall bb eval=  416] [# dominant pts=  95] [# new pts=   9] [f1=0.7428544689 f2=0.5809403909]
	MADS run 13 ...... OK [bb eval= 32] [overall bb eval=  448] [# dominant pts= 101] [# new pts=   6] [f1=0.7427444689 f2=0.583021772]
	MADS run 14 ...... OK [bb eval= 32] [overall bb eval=  480] [# dominant pts= 110] [# new pts=   9] [f1=0.7428111689 f2=0.5817100236]
	MADS run 15 ...... OK [bb eval= 20] [overall bb eval=  500] [# dominant pts= 114] [# new pts=   4] [f1=0.7427444689 f2=0.583021772]

} end of run (max number of bb evaluations)


blackbox evaluations                     : 500
number of MADS runs                      : 15

Pareto front {

	BBE	(	0.0000000000 0.0000000000 )	0.0000000000 1.0000000000 
	BBE	(	0.0204267689 0.0000000000 )	0.0204267689 0.9895506515 
	BBE	(	0.0604267689 0.0000000000 )	0.0604267689 0.9360038485 
	BBE	(	0.0704267689 0.0000000000 )	0.0704267689 0.9260062753 
	BBE	(	0.0706467689 0.0000000000 )	0.0706467689 0.9258379549 
	BBE	(	0.0744267689 0.0000000000 )	0.0744267689 0.9233526042 
	BBE	(	0.0754267689 0.0000000000 )	0.0754267689 0.9228298043 
	BBE	(	0.0804267689 0.0000900000 )	0.0804267689 0.9220365113 
	BBE	(	0.0844267689 0.0000000000 )	0.0844267689 0.9209439225 
	BBE	(	0.2704267689 0.0000000000 )	0.2704267689 0.7940560330 
	BBE	(	0.2742467689 0.0000000000 )	0.2742467689 0.7678193102 
	BBE	(	0.2772467689 0.0000000000 )	0.2772467689 0.7477736335 
	BBE	(	0.2845292689 0.0000000000 )	0.2845292689 0.7019705135 
	BBE	(	0.3002467689 0.0000000000 )	0.3002467689 0.6237302992 
	BBE	(	0.3004267689 0.0000000000 )	0.3004267689 0.6230416170 
	BBE	(	0.3005292689 0.0000000000 )	0.3005292689 0.6226518252 
	BBE	(	0.3102467689 0.0000000000 )	0.3102467689 0.5939975123 
	BBE	(	0.3104267689 0.0000000000 )	0.3104267689 0.5936297664 
	BBE	(	0.3155292689 0.0000000000 )	0.3155292689 0.5858260306 
	BBE	(	0.3165667689 0.0000000000 )	0.3165667689 0.5848708104 
	BBE	(	0.3172467689 0.0000000000 )	0.3172467689 0.5843626222 
	BBE	(	0.3186792689 0.0000000000 )	0.3186792689 0.5835996017 
	BBE	(	0.3188267689 0.0000000000 )	0.3188267689 0.5835448256 
	BBE	(	0.3189967689 0.0000000000 )	0.3189967689 0.5834872213 
	BBE	(	0.3195967689 0.0000000000 )	0.3195967689 0.5833312978 
	BBE	(	0.3197667689 0.0000000000 )	0.3197667689 0.5833005661 
	BBE	(	0.3200292689 0.0000000000 )	0.3200292689 0.5832647940 
	BBE	(	0.3202392689 0.0000000000 )	0.3202392689 0.5832463953 
	BBE	(	0.3203067689 0.0000000000 )	0.3203067689 0.5832424121 
	BBE	(	0.3204267689 0.0000000000 )	0.3204267689 0.5832376512 
	BBE	(	0.3205092689 0.0000000000 )	0.3205092689 0.5832361017 
	BBE	(	0.3205292689 0.0000000000 )	0.3205292689 0.5832359376 
	BBE	(	0.7427444689 0.0000000000 )	0.7427444689 0.5830217720 
	BBE	(	0.7428111689 0.0000000000 )	0.7428111689 0.5817100236 
	BBE	(	0.7428352689 0.0000164000 )	0.7428352689 0.5814903959 
	BBE	(	0.7428445689 0.0000250000 )	0.7428445689 0.5814408590 
	BBE	(	0.7428544689 0.0000053000 )	0.7428544689 0.5809403909 
	BBE	(	0.7428608689 0.0000016000 )	0.7428608689 0.5807570403 
	BBE	(	0.7428899689 0.0000004000 )	0.7428899689 0.5801657414 
	BBE	(	0.7428996689 0.0000000000 )	0.7428996689 0.5799686160 
	BBE	(	0.7429252689 0.0000000000 )	0.7429252689 0.5794646897 
	BBE	(	0.7429388689 0.0000000000 )	0.7429388689 0.5791969430 
	BBE	(	0.7429567689 0.0000000000 )	0.7429567689 0.5788445031 
	BBE	(	0.7429929689 0.0000000000 )	0.7429929689 0.5781316165 
	BBE	(	0.7430112689 0.0000000000 )	0.7430112689 0.5777711679 
	BBE	(	0.7431479689 0.0000000000 )	0.7431479689 0.5750772266 
	BBE	(	0.7431584689 0.0000054000 )	0.7431584689 0.5749540229 
	BBE	(	0.7432367689 0.0000200000 )	0.7432367689 0.5736363837 
	BBE	(	0.7432467689 0.0000000000 )	0.7432467689 0.5731286422 
	BBE	(	0.7433120689 0.0000000000 )	0.7433120689 0.5718400603 
	BBE	(	0.7433633689 0.0000000000 )	0.7433633689 0.5708273548 
	BBE	(	0.7434744689 0.0000000000 )	0.7434744689 0.5686329801 
	BBE	(	0.7436544689 0.0000000000 )	0.7436544689 0.5650743840 
	BBE	(	0.7438896689 0.0000000000 )	0.7438896689 0.5604183320 
	BBE	(	0.7439096689 0.0000000000 )	0.7439096689 0.5600220919 
	BBE	(	0.7439544689 0.0000000000 )	0.7439544689 0.5591343350 
	BBE	(	0.7442467689 0.0000000000 )	0.7442467689 0.5533361137 
	BBE	(	0.7444344689 0.0000000000 )	0.7444344689 0.5496073945 
	BBE	(	0.7445044689 0.0000000000 )	0.7445044689 0.5482157603 
	BBE	(	0.7445567689 0.0000000000 )	0.7445567689 0.5471756378 
	BBE	(	0.7445967689 0.0000000000 )	0.7445967689 0.5463799189 
	BBE	(	0.7447444689 0.0000000000 )	0.7447444689 0.5434401320 
	BBE	(	0.7447544689 0.0000000000 )	0.7447544689 0.5432410042 
	BBE	(	0.7447696689 0.0000000000 )	0.7447696689 0.5429383081 
	BBE	(	0.7448996689 0.0000000000 )	0.7448996689 0.5403483930 
	BBE	(	0.7450867689 0.0000000000 )	0.7450867689 0.5366175915 
	BBE	(	0.7455596689 0.0000000000 )	0.7455596689 0.5271709244 
	BBE	(	0.7462367689 0.0000400000 )	0.7462367689 0.5142274707 
	BBE	(	0.7462467689 0.0000000000 )	0.7462467689 0.5134041153 
	BBE	(	0.7465567689 0.0000000000 )	0.7465567689 0.5071777921 
	BBE	(	0.7467444689 0.0000000000 )	0.7467444689 0.5034034955 
	BBE	(	0.7471896689 0.0000000000 )	0.7471896689 0.4944387248 
	BBE	(	0.7473244689 0.0000000000 )	0.7473244689 0.4917209367 
	BBE	(	0.7474867689 0.0000000000 )	0.7474867689 0.4884466843 
	BBE	(	0.7477644689 0.0000000000 )	0.7477644689 0.4828393633 
	BBE	(	0.7482267689 0.0000000000 )	0.7482267689 0.4734912578 
	BBE	(	0.7482467689 0.0000000000 )	0.7482467689 0.4730864787 
	BBE	(	0.7492467689 0.0000000000 )	0.7492467689 0.4528122445 
	BBE	(	0.7498267689 0.0000000000 )	0.7498267689 0.4410243813 
	BBE	(	0.7502467689 0.0000000000 )	0.7502467689 0.4324768008 
	BBE	(	0.7522467689 0.0000000000 )	0.7522467689 0.3916699033 
	BBE	(	0.7527444689 0.0000000000 )	0.7527444689 0.3814956030 
	BBE	(	0.7537444689 0.0000000000 )	0.7537444689 0.3610399698 
	BBE	(	0.7538996689 0.0000000000 )	0.7538996689 0.3578642958 
	BBE	(	0.7542467689 0.0000000000 )	0.7542467689 0.3507615937 
	BBE	(	0.7547444689 0.0000000000 )	0.7547444689 0.3405770361 
	BBE	(	0.7552467689 0.0000000000 )	0.7552467689 0.3302995589 
	BBE	(	0.7562467689 0.0000000000 )	0.7562467689 0.3098484220 
	BBE	(	0.7567444689 0.0000000000 )	0.7567444689 0.2996777206 
	BBE	(	0.7568996689 0.0000000000 )	0.7568996689 0.2965075493 
	BBE	(	0.7592467689 0.0000000000 )	0.7592467689 0.2486819136 
	BBE	(	0.7622467689 0.0000000000 )	0.7622467689 0.1880511976 
	BBE	(	0.7628996689 0.0000000000 )	0.7628996689 0.1749590540 
	BBE	(	0.7632467689 0.0000000000 )	0.7632467689 0.1680167135 
	BBE	(	0.7637444689 0.0000000000 )	0.7637444689 0.1580850684 
	BBE	(	0.7692467689 0.0000000000 )	0.7692467689 0.0504987441 
	BBE	(	0.7742467689 0.0050000000 )	0.7742467689 0.0359353939 
	BBE	(	0.7752467689 0.0050000000 )	0.7752467689 0.0180522199 
	BBE	(	0.7762467689 0.0000000000 )	0.7762467689 -0.0782763564 
	BBE	(	0.7782467689 0.0000000000 )	0.7782467689 -0.1129075949 
	BBE	(	0.7802467689 0.0000000000 )	0.7802467689 -0.1464179263 
	BBE	(	0.7882467689 0.0000000000 )	0.7882467689 -0.2676209257 
	BBE	(	0.7912467689 0.0000000000 )	0.7912467689 -0.3070980868 
	BBE	(	0.7922467689 0.0000000000 )	0.7922467689 -0.3194629514 
	BBE	(	0.7927444689 0.0000000000 )	0.7927444689 -0.3254644458 
	BBE	(	0.7928996689 0.0000000000 )	0.7928996689 -0.3273149708 
	BBE	(	0.7932467689 0.0000000000 )	0.7932467689 -0.3314173481 
	BBE	(	0.7962467689 0.0000000000 )	0.7962467689 -0.3647423903 
	BBE	(	0.7982467689 0.0000000000 )	0.7982467689 -0.3847731001 
	BBE	(	0.8062467689 0.0000000000 )	0.8062467689 -0.4463441409 
	BBE	(	0.8082467689 0.0000000000 )	0.8082467689 -0.4568962406 
	BBE	(	0.8092467689 0.0000000000 )	0.8092467689 -0.4614236505 
	BBE	(	0.8122467689 0.0000000000 )	0.8122467689 -0.4719751323 
	BBE	(	0.8172467689 0.0000000000 )	0.8172467689 -0.4793302830 
} 

number of Pareto points: 114
