
MADS search {

	user search {


		list of points evaluation (user search) {

			submitted evaluation 1/1 {

				point #1   ( 0.132741232 )
				mesh indices   : (  0 )

				not in cache
			} 

			evaluation 1/1 {

				point #1

				user search dominating point #1 {
					x    = ( 0.132741232 )
					F(x) = [ 0.26237486 ]
					h    = 0
					f    = 0.26237486
				} 
			} 

		} end of evaluations


	} end of user search (dominating)

} end of search

MADS search {

	user search {


		list of points evaluation (user search) {

			submitted evaluation 1/1 {

				point #2   ( 0.061929856 )
				mesh indices   : (  1 )

				not in cache
			} 

			evaluation 1/1 {

				point #2

				user search dominating point #2 {
					x    = ( 0.061929856 )
					F(x) = [ 0.1235432615 ]
					h    = 0
					f    = 0.1235432615
				} 
			} 

		} end of evaluations


	} end of user search (dominating)

} end of search

MADS search {

	user search {


		list of points evaluation (user search) {

			submitted evaluation 1/1 {

				point #3   ( 0.052807552 )
				mesh indices   : (  2 )

				not in cache
			} 

			evaluation 1/1 {

				point #3

				user search dominating point #3 {
					x    = ( 0.052807552 )
					F(x) = [ 0.1054188653 ]
					h    = 0
					f    = 0.1054188653
				} 
			} 

		} end of evaluations


	} end of user search (dominating)

} end of search

MADS search {

	user search {


		list of points evaluation (user search) {

			submitted evaluation 1/1 {

				point #4   ( 0.003343488002 )
				mesh indices   : (  3 )

				not in cache
			} 

			evaluation 1/1 {

				point #4

				user search dominating point #4 {
					x    = ( 0.003343488002 )
					F(x) = [ 0.006686926169 ]
					h    = 0
					f    = 0.006686926169
				} 
			} 

		} end of evaluations


	} end of user search (dominating)

} end of search

MADS search {

	user search {


		list of points evaluation (user search) {

			submitted evaluation 1/1 {

				point #5   ( 0.003046400592 )
				mesh indices   : (  4 )

				not in cache
			} 

			evaluation 1/1 {

				point #5

				user search dominating point #5 {
					x    = ( 0.003046400592 )
					F(x) = [ 0.006092763488 ]
					h    = 0
					f    = 0.006092763488
				} 
			} 

		} end of evaluations


	} end of user search (dominating)

} end of search

MADS search {

	user search {


		list of points evaluation (user search) {

			submitted evaluation 1/1 {

				point #6   ( 0.002265794838 )
				mesh indices   : (  5 )

				not in cache
			} 

			evaluation 1/1 {

				point #6

				user search dominating point #6 {
					x    = ( 0.002265794838 )
					F(x) = [ 0.004531574165 ]
					h    = 0
					f    = 0.004531574165
				} 
			} 

		} end of evaluations


	} end of user search (dominating)

} end of search

MADS search {

	user search {


		list of points evaluation (user search) {

			submitted evaluation 1/1 {

				point #7   ( 0.001481318181 )
				mesh indices   : (  6 )

				not in cache
			} 

			evaluation 1/1 {

				point #7

				user search dominating point #7 {
					x    = ( 0.001481318181 )
					F(x) = [ 0.002962632027 ]
					h    = 0
					f    = 0.002962632027
				} 
			} 

		} end of evaluations


	} end of user search (dominating)

} end of search

MADS search {

	user search {


		list of points evaluation (user search) {

			submitted evaluation 1/1 {

				point #8   ( 0.001371090082 )
				mesh indices   : (  7 )

				not in cache
			} 

			evaluation 1/1 {

				point #8

				user search dominating point #8 {
					x    = ( 0.001371090082 )
					F(x) = [ 0.002742176728 ]
					h    = 0
					f    = 0.002742176728
				} 
			} 

		} end of evaluations


	} end of user search (dominating)

} end of search

MADS search {

	user search {


		list of points evaluation (user search) {

			submitted evaluation 1/1 {

				point #9   ( 0.0008957599348 )
				mesh indices   : (  8 )

				not in cache
			} 

			evaluation 1/1 {

				point #9

				user search dominating point #9 {
					x    = ( 0.0008957599348 )
					F(x) = [ 0.001791518911 ]
					h    = 0
					f    = 0.001791518911
				} 
			} 

		} end of evaluations


	} end of user search (dominating)

} end of search
